<?xml version="1.0" encoding="UTF-8"?>
<!-- Generated by org.testng.reporters.JUnitReportReporter -->
<testsuite hostname="DESKTOP-5J36R0S" failures="0" tests="12" name="com.multimodule.uitesting.runners.Regression" time="788.878" errors="4" timestamp="2022-03-22T20:35:24 EET" skipped="0">
  <testcase classname="com.multimodule.uitesting.runners.Regression" name="runScenario" time="65.969">
    <error message="The supplied data appears to be in the Office 2007+ XML. You are calling the part of POI that deals with OLE2 Office Documents. You need to call a different part of POI to process this data (eg XSSF instead of HSSF)" type="org.apache.poi.poifs.filesystem.OfficeXmlFileException">
      <![CDATA[org.apache.poi.poifs.filesystem.OfficeXmlFileException: The supplied data appears to be in the Office 2007+ XML. You are calling the part of POI that deals with OLE2 Office Documents. You need to call a different part of POI to process this data (eg XSSF instead of HSSF)
at org.apache.poi.poifs.storage.HeaderBlock.<init>(HeaderBlock.java:128)
at org.apache.poi.poifs.storage.HeaderBlock.<init>(HeaderBlock.java:115)
at org.apache.poi.poifs.filesystem.POIFSFileSystem.<init>(POIFSFileSystem.java:326)
at org.apache.poi.hssf.usermodel.HSSFWorkbook.<init>(HSSFWorkbook.java:431)
at org.apache.poi.hssf.usermodel.HSSFWorkbook.<init>(HSSFWorkbook.java:411)
at com.multimodule.helpers.TestResourcesReaders.readExcelSheetByIndex(TestResourcesReaders.java:54)
at com.multimodule.uitesting.stepDefinitions.testSteps.LoginTestSteps.userEnterLoginFrom(LoginTestSteps.java:52)
at ✽.user enter login "invalid username and password"  from  "testdata/LoginData.xlsx"(file:///C:/Users/Khaled%20M%20Farh/Downloads/test-multi-module-project/test-ui-project/src/test/resources/featuers/Login.feature:18)
]]>
    </error>
  </testcase> <!-- runScenario -->
  <system-out/>
  <testcase classname="com.multimodule.uitesting.runners.Regression" name="runScenario" time="65.640"/>
  <system-out/>
  <testcase classname="com.multimodule.uitesting.runners.Regression" name="runScenario" time="57.937">
    <error message="The supplied data appears to be in the Office 2007+ XML. You are calling the part of POI that deals with OLE2 Office Documents. You need to call a different part of POI to process this data (eg XSSF instead of HSSF)" type="org.apache.poi.poifs.filesystem.OfficeXmlFileException">
      <![CDATA[org.apache.poi.poifs.filesystem.OfficeXmlFileException: The supplied data appears to be in the Office 2007+ XML. You are calling the part of POI that deals with OLE2 Office Documents. You need to call a different part of POI to process this data (eg XSSF instead of HSSF)
at org.apache.poi.poifs.storage.HeaderBlock.<init>(HeaderBlock.java:128)
at org.apache.poi.poifs.storage.HeaderBlock.<init>(HeaderBlock.java:115)
at org.apache.poi.poifs.filesystem.POIFSFileSystem.<init>(POIFSFileSystem.java:326)
at org.apache.poi.hssf.usermodel.HSSFWorkbook.<init>(HSSFWorkbook.java:431)
at org.apache.poi.hssf.usermodel.HSSFWorkbook.<init>(HSSFWorkbook.java:411)
at com.multimodule.helpers.TestResourcesReaders.readExcelSheetByIndex(TestResourcesReaders.java:54)
at com.multimodule.uitesting.stepDefinitions.testSteps.LoginTestSteps.userEnterLoginFrom(LoginTestSteps.java:52)
at ✽.user enter login "Missing password"  from  "testdata/LoginData.xlsx"(file:///C:/Users/Khaled%20M%20Farh/Downloads/test-multi-module-project/test-ui-project/src/test/resources/featuers/Login.feature:18)
]]>
    </error>
  </testcase> <!-- runScenario -->
  <system-out/>
  <testcase classname="com.multimodule.uitesting.runners.Regression" name="runScenario" time="68.046"/>
  <system-out/>
  <testcase classname="com.multimodule.uitesting.runners.Regression" name="runScenario" time="69.857"/>
  <system-out/>
  <testcase classname="com.multimodule.uitesting.runners.Regression" name="runScenario" time="70.114"/>
  <system-out/>
  <testcase classname="com.multimodule.uitesting.runners.Regression" name="runScenario" time="66.045"/>
  <system-out/>
  <testcase classname="com.multimodule.uitesting.runners.Regression" name="runScenario" time="68.308"/>
  <system-out/>
  <testcase classname="com.multimodule.uitesting.runners.Regression" name="runScenario" time="65.596">
    <error message="The supplied data appears to be in the Office 2007+ XML. You are calling the part of POI that deals with OLE2 Office Documents. You need to call a different part of POI to process this data (eg XSSF instead of HSSF)" type="org.apache.poi.poifs.filesystem.OfficeXmlFileException">
      <![CDATA[org.apache.poi.poifs.filesystem.OfficeXmlFileException: The supplied data appears to be in the Office 2007+ XML. You are calling the part of POI that deals with OLE2 Office Documents. You need to call a different part of POI to process this data (eg XSSF instead of HSSF)
at org.apache.poi.poifs.storage.HeaderBlock.<init>(HeaderBlock.java:128)
at org.apache.poi.poifs.storage.HeaderBlock.<init>(HeaderBlock.java:115)
at org.apache.poi.poifs.filesystem.POIFSFileSystem.<init>(POIFSFileSystem.java:326)
at org.apache.poi.hssf.usermodel.HSSFWorkbook.<init>(HSSFWorkbook.java:431)
at org.apache.poi.hssf.usermodel.HSSFWorkbook.<init>(HSSFWorkbook.java:411)
at com.multimodule.helpers.TestResourcesReaders.readExcelSheetByIndex(TestResourcesReaders.java:54)
at com.multimodule.uitesting.stepDefinitions.testSteps.LoginTestSteps.userEnterLoginFrom(LoginTestSteps.java:52)
at ✽.user enter login "valid username and invalid password"  from  "testdata/LoginData.xlsx"(file:///C:/Users/Khaled%20M%20Farh/Downloads/test-multi-module-project/test-ui-project/src/test/resources/featuers/Login.feature:18)
]]>
    </error>
  </testcase> <!-- runScenario -->
  <system-out/>
  <testcase classname="com.multimodule.uitesting.runners.Regression" name="runScenario" time="65.100"/>
  <system-out/>
  <testcase classname="com.multimodule.uitesting.runners.Regression" name="runScenario" time="55.657">
    <error message="The supplied data appears to be in the Office 2007+ XML. You are calling the part of POI that deals with OLE2 Office Documents. You need to call a different part of POI to process this data (eg XSSF instead of HSSF)" type="org.apache.poi.poifs.filesystem.OfficeXmlFileException">
      <![CDATA[org.apache.poi.poifs.filesystem.OfficeXmlFileException: The supplied data appears to be in the Office 2007+ XML. You are calling the part of POI that deals with OLE2 Office Documents. You need to call a different part of POI to process this data (eg XSSF instead of HSSF)
at org.apache.poi.poifs.storage.HeaderBlock.<init>(HeaderBlock.java:128)
at org.apache.poi.poifs.storage.HeaderBlock.<init>(HeaderBlock.java:115)
at org.apache.poi.poifs.filesystem.POIFSFileSystem.<init>(POIFSFileSystem.java:326)
at org.apache.poi.hssf.usermodel.HSSFWorkbook.<init>(HSSFWorkbook.java:431)
at org.apache.poi.hssf.usermodel.HSSFWorkbook.<init>(HSSFWorkbook.java:411)
at com.multimodule.helpers.TestResourcesReaders.readExcelSheetByIndex(TestResourcesReaders.java:54)
at com.multimodule.uitesting.stepDefinitions.testSteps.LoginTestSteps.userEnterLoginFrom(LoginTestSteps.java:52)
at ✽.user enter login "invalid username and valid password"  from  "testdata/LoginData.xlsx"(file:///C:/Users/Khaled%20M%20Farh/Downloads/test-multi-module-project/test-ui-project/src/test/resources/featuers/Login.feature:18)
]]>
    </error>
  </testcase> <!-- runScenario -->
  <system-out/>
  <testcase classname="com.multimodule.uitesting.runners.Regression" name="runScenario" time="70.609"/>
  <system-out/>
</testsuite> <!-- com.multimodule.uitesting.runners.Regression -->
