<?xml version="1.0" encoding="UTF-8"?>
<!-- Generated by org.testng.reporters.JUnitReportReporter -->
<testsuite hostname="DESKTOP-5J36R0S" failures="0" tests="2" name="com.multimodule.uitesting.runners.Smoke" time="37.414" errors="0" timestamp="2022-03-22T20:12:14 EET" skipped="0">
  <testcase classname="com.multimodule.uitesting.runners.Smoke" name="runScenario" time="18.500"/>
  <system-out/>
  <testcase classname="com.multimodule.uitesting.runners.Smoke" name="runScenario" time="18.914"/>
  <system-out/>
</testsuite> <!-- com.multimodule.uitesting.runners.Smoke -->
